\BOOKMARK [0][-]{chapter*.8}{Introduction}{}% 1
\BOOKMARK [0][-]{chapter.1}{Background}{}% 2
\BOOKMARK [1][-]{section.1.1}{Weird Vector things}{chapter.1}% 3
\BOOKMARK [1][-]{section.1.2}{The gate model and quantum circuits}{chapter.1}% 4
\BOOKMARK [0][-]{chapter.2}{Quantum Programming Languages}{}% 5
\BOOKMARK [1][-]{section.2.1}{Rigetti - pyQuil}{chapter.2}% 6
\BOOKMARK [1][-]{section.2.2}{IBM - QISKit}{chapter.2}% 7
\BOOKMARK [1][-]{section.2.3}{ProjectQ}{chapter.2}% 8
\BOOKMARK [1][-]{section.2.4}{Q\043}{chapter.2}% 9
\BOOKMARK [1][-]{section.2.5}{Further languages}{chapter.2}% 10
\BOOKMARK [1][-]{section.2.6}{Comparison Discussion?}{chapter.2}% 11
\BOOKMARK [1][-]{section.2.7}{Exercises}{chapter.2}% 12
\BOOKMARK [0][-]{chapter.3}{Short term quantum computing}{}% 13
\BOOKMARK [1][-]{section.3.1}{Adiabatic quantum computing \046 quantum annealers}{chapter.3}% 14
\BOOKMARK [1][-]{section.3.2}{Implementing an Eigensolver's algorithm}{chapter.3}% 15
\BOOKMARK [2][-]{subsection.3.2.1}{Eigensolver's Algorithm with pyQuil}{section.3.2}% 16
\BOOKMARK [2][-]{subsection.3.2.2}{Eigensolver Algorithm in QISKit}{section.3.2}% 17
\BOOKMARK [2][-]{subsection.3.2.3}{Eigensolver's Algorithm with Project Q?}{section.3.2}% 18
\BOOKMARK [0][-]{chapter.4}{Quantum Algorithms and Applications}{}% 19
\BOOKMARK [1][-]{section.4.1}{Oracular Algorithms}{chapter.4}% 20
\BOOKMARK [2][-]{subsection.4.1.1}{Deutsch-Jozsa algorithm}{section.4.1}% 21
\BOOKMARK [2][-]{subsection.4.1.2}{Grover's algorithm}{section.4.1}% 22
\BOOKMARK [1][-]{section.4.2}{Quantum fourier transform}{chapter.4}% 23
\BOOKMARK [1][-]{section.4.3}{Shor's algorithm}{chapter.4}% 24
\BOOKMARK [0][-]{chapter.5}{Programming a future universal quantum computer}{}% 25
\BOOKMARK [1][-]{section.5.1}{Implementing Deutsch's Algorithm}{chapter.5}% 26
\BOOKMARK [2][-]{subsection.5.1.1}{Deutsch's Algorithm with pyQuil}{section.5.1}% 27
\BOOKMARK [2][-]{subsection.5.1.2}{Deutsch's Algorithm in Qasm \(IBM Q-experience\)}{section.5.1}% 28
\BOOKMARK [2][-]{subsection.5.1.3}{Deutsch's Algorithm with Project Q}{section.5.1}% 29
\BOOKMARK [2][-]{subsection.5.1.4}{Deutsch's Algorithm with Q\043}{section.5.1}% 30
\BOOKMARK [2][-]{subsection.5.1.5}{Deutsch's Algorithm Exercises}{section.5.1}% 31
\BOOKMARK [1][-]{section.5.2}{Implementing Shor's algorithm}{chapter.5}% 32
\BOOKMARK [2][-]{subsection.5.2.1}{Shor's algorithm with pyQuil}{section.5.2}% 33
\BOOKMARK [2][-]{subsection.5.2.2}{Shor's algorithm with QISKit}{section.5.2}% 34
\BOOKMARK [2][-]{subsection.5.2.3}{Shor's algorithm with ProjectQ}{section.5.2}% 35
\BOOKMARK [2][-]{subsection.5.2.4}{Shor's algorithm with Q\043}{section.5.2}% 36
\BOOKMARK [2][-]{subsection.5.2.5}{Shor's Algorithm Exercise\(s\)}{section.5.2}% 37
\BOOKMARK [1][-]{section.5.3}{The universal quantum computer}{chapter.5}% 38
\BOOKMARK [0][-]{chapter.6}{Implementations}{}% 39
\BOOKMARK [1][-]{section.6.1}{Not another introduction!}{chapter.6}% 40
\BOOKMARK [2][-]{subsection.6.1.1}{The development of classical computers}{section.6.1}% 41
\BOOKMARK [1][-]{section.6.2}{Quantum computer hardware architecture}{chapter.6}% 42
\BOOKMARK [2][-]{subsection.6.2.1}{What are the qubits?}{section.6.2}% 43
\BOOKMARK [2][-]{subsection.6.2.2}{What are the operations?}{section.6.2}% 44
\BOOKMARK [2][-]{subsection.6.2.3}{Trapped Ions}{section.6.2}% 45
\BOOKMARK [2][-]{subsection.6.2.4}{Superconducting qubits}{section.6.2}% 46
\BOOKMARK [2][-]{subsection.6.2.5}{Linear optical quantum computing}{section.6.2}% 47
\BOOKMARK [2][-]{subsection.6.2.6}{Error Correction}{section.6.2}% 48
\BOOKMARK [1][-]{section.6.3}{Quantum software architecture}{chapter.6}% 49
\BOOKMARK [2][-]{subsection.6.3.1}{Quantum instruction sets}{section.6.3}% 50
\BOOKMARK [2][-]{subsection.6.3.2}{Higher level languages}{section.6.3}% 51
\BOOKMARK [2][-]{subsection.6.3.3}{High- and low- level quantum languages}{section.6.3}% 52
\BOOKMARK [2][-]{subsection.6.3.4}{Examples of different types of languages}{section.6.3}% 53
\BOOKMARK [2][-]{subsection.6.3.5}{Compilers}{section.6.3}% 54
\BOOKMARK [2][-]{subsection.6.3.6}{Linkers}{section.6.3}% 55
\BOOKMARK [1][-]{section.6.4}{The future}{chapter.6}% 56
\BOOKMARK [2][-]{subsection.6.4.1}{QLANG +- TM the Quantum programming language}{section.6.4}% 57
\BOOKMARK [0][-]{appendix.A}{A gentle introduction to quantum theory}{}% 58
\BOOKMARK [1][-]{section.A.1}{Quantum mechanics}{appendix.A}% 59
\BOOKMARK [2][-]{subsection.A.1.1}{Quantum States}{section.A.1}% 60
\BOOKMARK [2][-]{subsection.A.1.2}{Superposition}{section.A.1}% 61
\BOOKMARK [2][-]{subsection.A.1.3}{Operators}{section.A.1}% 62
\BOOKMARK [2][-]{subsection.A.1.4}{Beyond the Single Qubit}{section.A.1}% 63
\BOOKMARK [2][-]{subsection.A.1.5}{An Intro to Quantum Information Theory}{section.A.1}% 64
\BOOKMARK [1][-]{section.A.2}{Exercises?}{appendix.A}% 65
\BOOKMARK [0][-]{appendix.B}{A gentle tutorial to Python}{}% 66
\BOOKMARK [1][-]{section.B.1}{Unix install}{appendix.B}% 67
\BOOKMARK [1][-]{section.B.2}{MacOS install}{appendix.B}% 68
\BOOKMARK [1][-]{section.B.3}{Windows install}{appendix.B}% 69
\BOOKMARK [0][-]{appendix.C}{Answers to Exercises}{}% 70
\BOOKMARK [0][-]{appendix.D}{Complete code examples}{}% 71
\BOOKMARK [1][-]{subsection.D.0.1}{Shor in Q\043}{appendix.D}% 72
