\BOOKMARK [1][-]{section.1}{Preface}{}% 1
\BOOKMARK [1][-]{section.2}{Introduction}{}% 2
\BOOKMARK [2][-]{subsection.2.1}{Why you should be interested in quantum computers}{section.2}% 3
\BOOKMARK [2][-]{subsection.2.2}{What are quantum computers}{section.2}% 4
\BOOKMARK [2][-]{subsection.2.3}{Traditional computers shortcomings \046 quantum supremacy}{section.2}% 5
\BOOKMARK [1][-]{section.3}{Weird Vector things}{}% 6
\BOOKMARK [2][-]{subsection.3.1}{Quantum Circuits}{section.3}% 7
\BOOKMARK [3][-]{subsubsection.3.1.1}{Digital logic}{subsection.3.1}% 8
\BOOKMARK [1][-]{section.4}{Short term quantum computing}{}% 9
\BOOKMARK [2][-]{subsection.4.1}{Adiabatic quantum computing \046 quantum annealers}{section.4}% 10
\BOOKMARK [2][-]{subsection.4.2}{Rigetti-Forest}{section.4}% 11
\BOOKMARK [3][-]{subsubsection.4.2.1}{Example Codes}{subsection.4.2}% 12
\BOOKMARK [2][-]{subsection.4.3}{IBM-ProjectQ}{section.4}% 13
\BOOKMARK [3][-]{subsubsection.4.3.1}{Example Codes}{subsection.4.3}% 14
\BOOKMARK [1][-]{section.5}{Algorithms and applications}{}% 15
\BOOKMARK [2][-]{subsection.5.1}{Quantum transforms}{section.5}% 16
\BOOKMARK [3][-]{subsubsection.5.1.1}{Quantum Fourier transform}{subsection.5.1}% 17
\BOOKMARK [3][-]{subsubsection.5.1.2}{Schur transform}{subsection.5.1}% 18
\BOOKMARK [2][-]{subsection.5.2}{Number theory algorithms}{section.5}% 19
\BOOKMARK [3][-]{subsubsection.5.2.1}{Shor's algorithm}{subsection.5.2}% 20
\BOOKMARK [3][-]{subsubsection.5.2.2}{Discrete Logarithm problem}{subsection.5.2}% 21
\BOOKMARK [2][-]{subsection.5.3}{Oracular algorithms}{section.5}% 22
\BOOKMARK [3][-]{subsubsection.5.3.1}{Grover's algorithm}{subsection.5.3}% 23
\BOOKMARK [3][-]{subsubsection.5.3.2}{The hidden subgroup problem}{subsection.5.3}% 24
\BOOKMARK [2][-]{subsection.5.4}{Approximations \046 Simulating quantum systems}{section.5}% 25
\BOOKMARK [3][-]{subsubsection.5.4.1}{Approximating Matrix powers}{subsection.5.4}% 26
\BOOKMARK [3][-]{subsubsection.5.4.2}{Approximating Partition functions}{subsection.5.4}% 27
\BOOKMARK [1][-]{section.6}{Programming a future universal quantum computer}{}% 28
\BOOKMARK [2][-]{subsection.6.1}{Implementing Shor's algorithm}{section.6}% 29
\BOOKMARK [3][-]{subsubsection.6.1.1}{Language 1}{subsection.6.1}% 30
\BOOKMARK [3][-]{subsubsection.6.1.2}{Language 2}{subsection.6.1}% 31
\BOOKMARK [2][-]{subsection.6.2}{Implementing Grover's algorithm}{section.6}% 32
\BOOKMARK [3][-]{subsubsection.6.2.1}{Language 1}{subsection.6.2}% 33
\BOOKMARK [3][-]{subsubsection.6.2.2}{Language 2}{subsection.6.2}% 34
\BOOKMARK [2][-]{subsection.6.3}{Implementing the matrix power approximation}{section.6}% 35
\BOOKMARK [3][-]{subsubsection.6.3.1}{Language 1}{subsection.6.3}% 36
\BOOKMARK [3][-]{subsubsection.6.3.2}{Language 2}{subsection.6.3}% 37
\BOOKMARK [2][-]{subsection.6.4}{Language features}{section.6}% 38
\BOOKMARK [3][-]{subsubsection.6.4.1}{Language 1}{subsection.6.4}% 39
\BOOKMARK [2][-]{subsection.6.5}{The universal quantum computer}{section.6}% 40
\BOOKMARK [1][-]{section.7}{Implementations}{}% 41
\BOOKMARK [1][-]{section.8}{Advanced topics}{}% 42
\BOOKMARK [2][-]{subsection.8.1}{Quantum mechanics: The basics}{section.8}% 43
\BOOKMARK [3][-]{subsubsection.8.1.1}{Quantum states \046 Dirac notation}{subsection.8.1}% 44
\BOOKMARK [3][-]{subsubsection.8.1.2}{Superposition}{subsection.8.1}% 45
\BOOKMARK [3][-]{subsubsection.8.1.3}{Entanglement}{subsection.8.1}% 46
\BOOKMARK [3][-]{subsubsection.8.1.4}{Errors \046 Decoherence}{subsection.8.1}% 47
\BOOKMARK [2][-]{subsection.8.2}{Error correcting codes}{section.8}% 48
\BOOKMARK [2][-]{subsection.8.3}{}{section.8}% 49
